<?xml version="1.0" encoding="UTF-8"?>
<coverage generated="1637621443935" clover="3.2.0">
  <project timestamp="1637621443935" name="All files">
    <metrics statements="25" coveredstatements="25" conditionals="2" coveredconditionals="2" methods="9" coveredmethods="9" elements="36" coveredelements="36" complexity="0" loc="25" ncloc="25" packages="1" files="5" classes="5"/>
    <file name="airplane.js" path="/Users/hench8a/Documents/Multiverse/Dev/Airport/Airport/airportObjects/airplane.js">
      <metrics statements="6" coveredstatements="6" conditionals="0" coveredconditionals="0" methods="3" coveredmethods="3"/>
      <line num="5" count="1" type="stmt"/>
      <line num="6" count="1" type="stmt"/>
      <line num="7" count="1" type="stmt"/>
      <line num="11" count="1" type="stmt"/>
      <line num="15" count="1" type="stmt"/>
      <line num="21" count="1" type="stmt"/>
    </file>
    <file name="bag.js" path="/Users/hench8a/Documents/Multiverse/Dev/Airport/Airport/airportObjects/bag.js">
      <metrics statements="4" coveredstatements="4" conditionals="2" coveredconditionals="2" methods="1" coveredmethods="1"/>
      <line num="4" count="3" type="stmt"/>
      <line num="5" count="3" type="cond" truecount="2" falsecount="0"/>
      <line num="6" count="1" type="stmt"/>
      <line num="13" count="2" type="stmt"/>
    </file>
    <file name="crewmember.js" path="/Users/hench8a/Documents/Multiverse/Dev/Airport/Airport/airportObjects/crewmember.js">
      <metrics statements="5" coveredstatements="5" conditionals="0" coveredconditionals="0" methods="1" coveredmethods="1"/>
      <line num="1" count="2" type="stmt"/>
      <line num="6" count="3" type="stmt"/>
      <line num="7" count="3" type="stmt"/>
      <line num="8" count="3" type="stmt"/>
      <line num="11" count="2" type="stmt"/>
    </file>
    <file name="passenger.js" path="/Users/hench8a/Documents/Multiverse/Dev/Airport/Airport/airportObjects/passenger.js">
      <metrics statements="6" coveredstatements="6" conditionals="0" coveredconditionals="0" methods="2" coveredmethods="2"/>
      <line num="1" count="2" type="stmt"/>
      <line num="8" count="7" type="stmt"/>
      <line num="9" count="7" type="stmt"/>
      <line num="10" count="7" type="stmt"/>
      <line num="14" count="1" type="stmt"/>
      <line num="20" count="2" type="stmt"/>
    </file>
    <file name="person.js" path="/Users/hench8a/Documents/Multiverse/Dev/Airport/Airport/airportObjects/person.js">
      <metrics statements="4" coveredstatements="4" conditionals="0" coveredconditionals="0" methods="2" coveredmethods="2"/>
      <line num="3" count="11" type="stmt"/>
      <line num="4" count="11" type="stmt"/>
      <line num="8" count="1" type="stmt"/>
      <line num="13" count="4" type="stmt"/>
    </file>
  </project>
</coverage>
