{"/Users/hench8a/Documents/Multiverse/Dev/Airport/Airport/airportObjects/airplane.js": {"path":"/Users/hench8a/Documents/Multiverse/Dev/Airport/Airport/airportObjects/airplane.js","statementMap":{"0":{"start":{"line":5,"column":8},"end":{"line":5,"column":25}},"1":{"start":{"line":6,"column":8},"end":{"line":6,"column":29}},"2":{"start":{"line":7,"column":8},"end":{"line":7,"column":30}},"3":{"start":{"line":11,"column":8},"end":{"line":11,"column":40}},"4":{"start":{"line":15,"column":8},"end":{"line":15,"column":42}},"5":{"start":{"line":21,"column":0},"end":{"line":21,"column":26}}},"fnMap":{"0":{"name":"(anonymous_0)","decl":{"start":{"line":4,"column":4},"end":{"line":4,"column":5}},"loc":{"start":{"line":4,"column":22},"end":{"line":8,"column":5}},"line":4},"1":{"name":"(anonymous_1)","decl":{"start":{"line":10,"column":4},"end":{"line":10,"column":5}},"loc":{"start":{"line":10,"column":30},"end":{"line":12,"column":5}},"line":10},"2":{"name":"(anonymous_2)","decl":{"start":{"line":14,"column":4},"end":{"line":14,"column":5}},"loc":{"start":{"line":14,"column":32},"end":{"line":16,"column":5}},"line":14}},"branchMap":{},"s":{"0":1,"1":1,"2":1,"3":1,"4":1,"5":1},"f":{"0":1,"1":1,"2":1},"b":{},"_coverageSchema":"1a1c01bbd47fc00a2c39e90264f33305004495a9","hash":"896462aae459d42f6c09be9fdf863447da8a494c"}
,"/Users/hench8a/Documents/Multiverse/Dev/Airport/Airport/airportObjects/bag.js": {"path":"/Users/hench8a/Documents/Multiverse/Dev/Airport/Airport/airportObjects/bag.js","statementMap":{"0":{"start":{"line":4,"column":8},"end":{"line":4,"column":29}},"1":{"start":{"line":5,"column":8},"end":{"line":7,"column":9}},"2":{"start":{"line":6,"column":12},"end":{"line":6,"column":54}},"3":{"start":{"line":13,"column":0},"end":{"line":13,"column":21}}},"fnMap":{"0":{"name":"(anonymous_0)","decl":{"start":{"line":3,"column":4},"end":{"line":3,"column":5}},"loc":{"start":{"line":3,"column":24},"end":{"line":8,"column":5}},"line":3}},"branchMap":{"0":{"loc":{"start":{"line":5,"column":8},"end":{"line":7,"column":9}},"type":"if","locations":[{"start":{"line":5,"column":8},"end":{"line":7,"column":9}},{"start":{},"end":{}}],"line":5}},"s":{"0":3,"1":3,"2":1,"3":2},"f":{"0":3},"b":{"0":[1,2]},"_coverageSchema":"1a1c01bbd47fc00a2c39e90264f33305004495a9","hash":"b18d8fbfdec74a61ae9ea87262c3c93ef0495b41"}
,"/Users/hench8a/Documents/Multiverse/Dev/Airport/Airport/airportObjects/crewmember.js": {"path":"/Users/hench8a/Documents/Multiverse/Dev/Airport/Airport/airportObjects/crewmember.js","statementMap":{"0":{"start":{"line":1,"column":15},"end":{"line":1,"column":34}},"1":{"start":{"line":6,"column":8},"end":{"line":6,"column":26}},"2":{"start":{"line":7,"column":8},"end":{"line":7,"column":33}},"3":{"start":{"line":8,"column":8},"end":{"line":8,"column":39}},"4":{"start":{"line":11,"column":0},"end":{"line":11,"column":27}}},"fnMap":{"0":{"name":"(anonymous_0)","decl":{"start":{"line":4,"column":4},"end":{"line":4,"column":5}},"loc":{"start":{"line":4,"column":51},"end":{"line":9,"column":5}},"line":4}},"branchMap":{},"s":{"0":2,"1":3,"2":3,"3":3,"4":2},"f":{"0":3},"b":{},"_coverageSchema":"1a1c01bbd47fc00a2c39e90264f33305004495a9","hash":"83b4b97d684af2ed5a790961f3f92a2b564c6e03"}
,"/Users/hench8a/Documents/Multiverse/Dev/Airport/Airport/airportObjects/passenger.js": {"path":"/Users/hench8a/Documents/Multiverse/Dev/Airport/Airport/airportObjects/passenger.js","statementMap":{"0":{"start":{"line":1,"column":15},"end":{"line":1,"column":34}},"1":{"start":{"line":8,"column":8},"end":{"line":8,"column":26}},"2":{"start":{"line":9,"column":8},"end":{"line":9,"column":45}},"3":{"start":{"line":10,"column":8},"end":{"line":10,"column":37}},"4":{"start":{"line":14,"column":8},"end":{"line":14,"column":32}},"5":{"start":{"line":20,"column":0},"end":{"line":20,"column":27}}},"fnMap":{"0":{"name":"(anonymous_0)","decl":{"start":{"line":6,"column":4},"end":{"line":6,"column":5}},"loc":{"start":{"line":6,"column":56},"end":{"line":11,"column":5}},"line":6},"1":{"name":"(anonymous_1)","decl":{"start":{"line":13,"column":4},"end":{"line":13,"column":5}},"loc":{"start":{"line":13,"column":20},"end":{"line":15,"column":5}},"line":13}},"branchMap":{},"s":{"0":2,"1":7,"2":7,"3":7,"4":1,"5":2},"f":{"0":7,"1":1},"b":{},"_coverageSchema":"1a1c01bbd47fc00a2c39e90264f33305004495a9","hash":"b644e926fa75105922c187067b62003ce7f042bb"}
,"/Users/hench8a/Documents/Multiverse/Dev/Airport/Airport/airportObjects/person.js": {"path":"/Users/hench8a/Documents/Multiverse/Dev/Airport/Airport/airportObjects/person.js","statementMap":{"0":{"start":{"line":3,"column":8},"end":{"line":3,"column":25}},"1":{"start":{"line":4,"column":8},"end":{"line":4,"column":23}},"2":{"start":{"line":8,"column":8},"end":{"line":8,"column":28}},"3":{"start":{"line":13,"column":0},"end":{"line":13,"column":24}}},"fnMap":{"0":{"name":"(anonymous_0)","decl":{"start":{"line":2,"column":4},"end":{"line":2,"column":5}},"loc":{"start":{"line":2,"column":28},"end":{"line":5,"column":5}},"line":2},"1":{"name":"(anonymous_1)","decl":{"start":{"line":7,"column":4},"end":{"line":7,"column":5}},"loc":{"start":{"line":7,"column":16},"end":{"line":9,"column":5}},"line":7}},"branchMap":{},"s":{"0":11,"1":11,"2":1,"3":4},"f":{"0":11,"1":1},"b":{},"_coverageSchema":"1a1c01bbd47fc00a2c39e90264f33305004495a9","hash":"1093c3e8e9246c9a7deb363a1c34e8a2f796fc02"}
}
