TN:
SF:airportObjects/airplane.js
FN:4,(anonymous_0)
FN:10,(anonymous_1)
FN:14,(anonymous_2)
FNF:3
FNH:3
FNDA:1,(anonymous_0)
FNDA:1,(anonymous_1)
FNDA:1,(anonymous_2)
DA:5,1
DA:6,1
DA:7,1
DA:11,1
DA:15,1
DA:21,1
LF:6
LH:6
BRF:0
BRH:0
end_of_record
TN:
SF:airportObjects/bag.js
FN:3,(anonymous_0)
FNF:1
FNH:1
FNDA:3,(anonymous_0)
DA:4,3
DA:5,3
DA:6,1
DA:13,2
LF:4
LH:4
BRDA:5,0,0,1
BRDA:5,0,1,2
BRF:2
BRH:2
end_of_record
TN:
SF:airportObjects/crewmember.js
FN:4,(anonymous_0)
FNF:1
FNH:1
FNDA:3,(anonymous_0)
DA:1,2
DA:6,3
DA:7,3
DA:8,3
DA:11,2
LF:5
LH:5
BRF:0
BRH:0
end_of_record
TN:
SF:airportObjects/passenger.js
FN:6,(anonymous_0)
FN:13,(anonymous_1)
FNF:2
FNH:2
FNDA:7,(anonymous_0)
FNDA:1,(anonymous_1)
DA:1,2
DA:8,7
DA:9,7
DA:10,7
DA:14,1
DA:20,2
LF:6
LH:6
BRF:0
BRH:0
end_of_record
TN:
SF:airportObjects/person.js
FN:2,(anonymous_0)
FN:7,(anonymous_1)
FNF:2
FNH:2
FNDA:11,(anonymous_0)
FNDA:1,(anonymous_1)
DA:3,11
DA:4,11
DA:8,1
DA:13,4
LF:4
LH:4
BRF:0
BRH:0
end_of_record
